app/build/intermediates/manifest_merge_blame_file/devDebug/manifest-merger-blame-dev-debug-report.txt
1<?xml version="1.0" encoding="utf-8"?>
2<manifest xmlns:android="http://schemas.android.com/apk/res/android"
3    package="com.example.pokemon.dev"
4    android:versionCode="1"
5    android:versionName="1.0.0" >
6
7    <uses-sdk
8        android:minSdkVersion="26"
8-->src/main/AndroidManifest.xml
9        android:targetSdkVersion="33" />
9-->src/main/AndroidManifest.xml
10
11    <uses-permission android:name="android.permission.INTERNET" />
11-->src/main/AndroidManifest.xml:5:5-66
11-->src/main/AndroidManifest.xml:5:22-64
12
13    <permission
13-->[androidx.core:core:1.9.0] AndroidManifest.xml:22:5-24:47
14        android:name="com.example.pokemon.dev.DYNAMIC_RECEIVER_NOT_EXPORTED_PERMISSION"
14-->[androidx.core:core:1.9.0] AndroidManifest.xml:23:9-81
15        android:protectionLevel="signature" />
15-->[androidx.core:core:1.9.0] AndroidManifest.xml:24:9-44
16
17    <uses-permission android:name="com.example.pokemon.dev.DYNAMIC_RECEIVER_NOT_EXPORTED_PERMISSION" />
17-->[androidx.core:core:1.9.0] AndroidManifest.xml:26:5-97
17-->[androidx.core:core:1.9.0] AndroidManifest.xml:26:22-94
18    <uses-permission android:name="android.permission.ACCESS_WIFI_STATE" />
18-->[com.github.amitshekhariitbhu.Android-Debug-Database:debug-db-base:v1.0.6] AndroidManifest.xml:30:5-76
18-->[com.github.amitshekhariitbhu.Android-Debug-Database:debug-db-base:v1.0.6] AndroidManifest.xml:30:22-73
19
20    <application
20-->src/main/AndroidManifest.xml:7:5-24:19
21        android:name="com.example.pokemon.App"
21-->src/main/AndroidManifest.xml:8:9-28
22        android:allowBackup="false"
22-->src/main/AndroidManifest.xml:9:9-36
23        android:appComponentFactory="androidx.core.app.CoreComponentFactory"
23-->[androidx.core:core:1.9.0] AndroidManifest.xml:28:18-86
24        android:debuggable="true"
25        android:extractNativeLibs="false"
26        android:icon="@mipmap/ic_launcher"
26-->src/main/AndroidManifest.xml:10:9-43
27        android:label="@string/app_name"
27-->src/main/AndroidManifest.xml:11:9-41
28        android:roundIcon="@mipmap/ic_launcher_round"
28-->src/main/AndroidManifest.xml:12:9-54
29        android:supportsRtl="true"
29-->src/main/AndroidManifest.xml:13:9-35
30        android:testOnly="true"
31        android:theme="@style/AppTheme" >
31-->src/main/AndroidManifest.xml:14:9-40
32        <activity
32-->src/main/AndroidManifest.xml:16:9-22:20
33            android:name="com.example.pokemon.feature.listpokemon.ListPokemonActivity"
33-->src/main/AndroidManifest.xml:16:19-74
34            android:exported="true" >
34-->src/main/AndroidManifest.xml:16:75-98
35            <intent-filter>
35-->src/main/AndroidManifest.xml:17:13-21:29
36                <action android:name="android.intent.action.MAIN" />
36-->src/main/AndroidManifest.xml:18:17-69
36-->src/main/AndroidManifest.xml:18:25-66
37
38                <category android:name="android.intent.category.LAUNCHER" />
38-->src/main/AndroidManifest.xml:20:17-77
38-->src/main/AndroidManifest.xml:20:27-74
39            </intent-filter>
40        </activity>
41        <activity
41-->src/main/AndroidManifest.xml:23:9-106
42            android:name="com.example.pokemon.feature.detailpokemon.DetailPokemonActivity"
42-->src/main/AndroidManifest.xml:23:19-78
43            android:exported="false" />
43-->src/main/AndroidManifest.xml:23:79-103
44        <activity
44-->[pub.devrel:easypermissions:3.0.0] AndroidManifest.xml:12:9-16:66
45            android:name="pub.devrel.easypermissions.AppSettingsDialogHolderActivity"
45-->[pub.devrel:easypermissions:3.0.0] AndroidManifest.xml:13:13-86
46            android:exported="false"
46-->[pub.devrel:easypermissions:3.0.0] AndroidManifest.xml:14:13-37
47            android:label=""
47-->[pub.devrel:easypermissions:3.0.0] AndroidManifest.xml:15:13-29
48            android:theme="@style/EasyPermissions.Transparent" />
48-->[pub.devrel:easypermissions:3.0.0] AndroidManifest.xml:16:13-63
49
50        <meta-data
50-->[com.github.bumptech.glide:okhttp3-integration:4.11.0] AndroidManifest.xml:11:9-13:43
51            android:name="com.bumptech.glide.integration.okhttp3.OkHttpGlideModule"
51-->[com.github.bumptech.glide:okhttp3-integration:4.11.0] AndroidManifest.xml:12:13-84
52            android:value="GlideModule" />
52-->[com.github.bumptech.glide:okhttp3-integration:4.11.0] AndroidManifest.xml:13:13-40
53
54        <provider
54-->[com.github.amitshekhariitbhu.Android-Debug-Database:debug-db:v1.0.6] AndroidManifest.xml:12:9-16:40
55            android:name="com.amitshekhar.debug.DebugDBInitProvider"
55-->[com.github.amitshekhariitbhu.Android-Debug-Database:debug-db:v1.0.6] AndroidManifest.xml:13:13-69
56            android:authorities="com.example.pokemon.dev.DebugDBInitProvider"
56-->[com.github.amitshekhariitbhu.Android-Debug-Database:debug-db:v1.0.6] AndroidManifest.xml:14:13-71
57            android:enabled="true"
57-->[com.github.amitshekhariitbhu.Android-Debug-Database:debug-db:v1.0.6] AndroidManifest.xml:15:13-35
58            android:exported="false" />
58-->[com.github.amitshekhariitbhu.Android-Debug-Database:debug-db:v1.0.6] AndroidManifest.xml:16:13-37
59        <provider
59-->[androidx.emoji2:emoji2:1.2.0] AndroidManifest.xml:24:9-32:20
60            android:name="androidx.startup.InitializationProvider"
60-->[androidx.emoji2:emoji2:1.2.0] AndroidManifest.xml:25:13-67
61            android:authorities="com.example.pokemon.dev.androidx-startup"
61-->[androidx.emoji2:emoji2:1.2.0] AndroidManifest.xml:26:13-68
62            android:exported="false" >
62-->[androidx.emoji2:emoji2:1.2.0] AndroidManifest.xml:27:13-37
63            <meta-data
63-->[androidx.emoji2:emoji2:1.2.0] AndroidManifest.xml:29:13-31:52
64                android:name="androidx.emoji2.text.EmojiCompatInitializer"
64-->[androidx.emoji2:emoji2:1.2.0] AndroidManifest.xml:30:17-75
65                android:value="androidx.startup" />
65-->[androidx.emoji2:emoji2:1.2.0] AndroidManifest.xml:31:17-49
66            <meta-data
66-->[androidx.lifecycle:lifecycle-process:2.4.1] AndroidManifest.xml:31:13-33:52
67                android:name="androidx.lifecycle.ProcessLifecycleInitializer"
67-->[androidx.lifecycle:lifecycle-process:2.4.1] AndroidManifest.xml:32:17-78
68                android:value="androidx.startup" />
68-->[androidx.lifecycle:lifecycle-process:2.4.1] AndroidManifest.xml:33:17-49
69        </provider>
70
71        <service
71-->[androidx.room:room-runtime:2.4.3] AndroidManifest.xml:25:9-28:40
72            android:name="androidx.room.MultiInstanceInvalidationService"
72-->[androidx.room:room-runtime:2.4.3] AndroidManifest.xml:26:13-74
73            android:directBootAware="true"
73-->[androidx.room:room-runtime:2.4.3] AndroidManifest.xml:27:13-43
74            android:exported="false" />
74-->[androidx.room:room-runtime:2.4.3] AndroidManifest.xml:28:13-37
75    </application>
76
77</manifest>